<?xml version="1.0" encoding="UTF-8"?>
<students>
    <student>
        <id>1</id>
        <name>张三</name>
        <age>20</age>
        <grade>A</grade>
    </student>
    <student>
        <id>2</id>
        <name>李四</name>
        <age>21</age>
        <grade>B</grade>
    </student>
    <student>
        <id>3</id>
        <name>王五</name>
        <age>19</age>
        <grade>A</grade>
    </student>
</students> 